06-03-2019 12:09:01	This log contains information about the import schema operation into project 'ET' on computer 'ZALNET-PC' by user 'Beata'.
06-03-2019 12:09:01	Import of database schema has started.
06-03-2019 12:09:06	Gathering database credentials
06-03-2019 12:09:06	Gathering database options
06-03-2019 12:09:06	Gathering generic database scoped configuration option
06-03-2019 12:09:06	Gathering users
06-03-2019 12:09:06	Gathering roles
06-03-2019 12:09:06	Gathering application roles
06-03-2019 12:09:06	Gathering role memberships
06-03-2019 12:09:06	Gathering filegroups
06-03-2019 12:09:06	Gathering full-text catalogs
06-03-2019 12:09:06	Gathering assemblies
06-03-2019 12:09:06	Gathering certificates
06-03-2019 12:09:06	Gathering asymmetric keys
06-03-2019 12:09:06	Gathering symmetric keys
06-03-2019 12:09:06	Gathering encrypted symmetric keys
06-03-2019 12:09:06	Gathering schemas
06-03-2019 12:09:06	Gathering XML schema collections
06-03-2019 12:09:06	Gathering user-defined data types
06-03-2019 12:09:06	Gathering user-defined types
06-03-2019 12:09:06	Gathering table types
06-03-2019 12:09:06	Gathering unique keys for table types
06-03-2019 12:09:06	Gathering primary keys for table types
06-03-2019 12:09:06	Gathering indexes for table types
06-03-2019 12:09:06	Gathering check constraints for table types
06-03-2019 12:09:06	Gathering default constraints for table types
06-03-2019 12:09:06	Gathering partition functions
06-03-2019 12:09:06	Gathering partition schemes
06-03-2019 12:09:06	Gathering functions
06-03-2019 12:09:06	Gathering encrypted functions
06-03-2019 12:09:06	Gathering aggregates
06-03-2019 12:09:06	Gathering procedures
06-03-2019 12:09:06	Gathering encrypted procedures
06-03-2019 12:09:06	Gathering tables
06-03-2019 12:09:06	Gathering primary keys
06-03-2019 12:09:06	Gathering unique constraints
06-03-2019 12:09:06	Gathering foreign keys
06-03-2019 12:09:06	Gathering default constraints
06-03-2019 12:09:06	Gathering check constraints
06-03-2019 12:09:06	Gathering views
06-03-2019 12:09:06	Gathering encrypted views
06-03-2019 12:09:06	Gathering indexes
06-03-2019 12:09:06	Gathering statistics
06-03-2019 12:09:06	Gathering full-text index stoplists
06-03-2019 12:09:06	Gathering search property lists
06-03-2019 12:09:06	Gathering search properties
06-03-2019 12:09:06	Gathering full-text indexes
06-03-2019 12:09:06	Gathering column store indexes
06-03-2019 12:09:06	Gathering spatial indexes
06-03-2019 12:09:06	Gathering XML indexes
06-03-2019 12:09:06	Gathering Selective XML indexes
06-03-2019 12:09:06	Gathering encrypted triggers
06-03-2019 12:09:06	Gathering triggers
06-03-2019 12:09:06	Gathering encrypted and clr ddl triggers
06-03-2019 12:09:06	Gathering ddl triggers
06-03-2019 12:09:06	Gathering synonyms
06-03-2019 12:09:06	Gathering defaults
06-03-2019 12:09:06	Gathering data constraint uddt bindings
06-03-2019 12:09:06	Gathering rules
06-03-2019 12:09:06	Gathering data constraint uddt bindings
06-03-2019 12:09:06	Gathering message types
06-03-2019 12:09:06	Gathering queues
06-03-2019 12:09:06	Gathering contracts
06-03-2019 12:09:06	Gathering services
06-03-2019 12:09:06	Gathering event notifications
06-03-2019 12:09:06	Gathering remote service bindings
06-03-2019 12:09:06	Gathering broker priorities
06-03-2019 12:09:06	Gathering signatures
06-03-2019 12:09:06	Gathering data compression options
06-03-2019 12:09:06	Gathering sequence types
06-03-2019 12:09:06	Gathering security policies
06-03-2019 12:09:06	Gather column encryption keys
06-03-2019 12:09:06	Gathering column master keys
06-03-2019 12:09:07	Gathering external data sources
06-03-2019 12:09:07	Gathering external file formats
06-03-2019 12:09:07	Gathering external tables
06-03-2019 12:09:07	Gathering extended properties
06-03-2019 12:09:07	Gathering credentials
06-03-2019 12:09:07	Gathering logins
06-03-2019 12:09:07	Gathering server audits
06-03-2019 12:09:07	Finished importing database.
06-03-2019 12:09:07	A summary of the import was saved to the following location: E:\ET\RDBMS\ET\Import Schema Logs\ET_20190306110901.log
06-03-2019 12:09:07	Click Finish to continue...
