2019-03-06 17:18:24	This log contains information about the import schema operation into project 'ET' on computer 'PIPCZAR-KOMP' by user 'pipczar'.
2019-03-06 17:18:24	Import of database schema has started.
2019-03-06 17:18:28	Gathering database options
2019-03-06 17:18:28	Gathering users
2019-03-06 17:18:28	Gathering roles
2019-03-06 17:18:28	Gathering application roles
2019-03-06 17:18:28	Gathering role memberships
2019-03-06 17:18:28	Gathering filegroups
2019-03-06 17:18:28	Gathering full-text catalogs
2019-03-06 17:18:28	Gathering assemblies
2019-03-06 17:18:28	Gathering certificates
2019-03-06 17:18:28	Gathering asymmetric keys
2019-03-06 17:18:28	Gathering symmetric keys
2019-03-06 17:18:28	Gathering encrypted symmetric keys
2019-03-06 17:18:28	Gathering schemas
2019-03-06 17:18:28	Gathering XML schema collections
2019-03-06 17:18:28	Gathering user-defined data types
2019-03-06 17:18:28	Gathering user-defined types
2019-03-06 17:18:28	Gathering table types
2019-03-06 17:18:28	Gathering unique keys for table types
2019-03-06 17:18:28	Gathering primary keys for table types
2019-03-06 17:18:28	Gathering indexes for table types
2019-03-06 17:18:28	Gathering check constraints for table types
2019-03-06 17:18:28	Gathering default constraints for table types
2019-03-06 17:18:28	Gathering partition functions
2019-03-06 17:18:28	Gathering partition schemes
2019-03-06 17:18:28	Gathering functions
2019-03-06 17:18:28	Gathering encrypted functions
2019-03-06 17:18:28	Gathering aggregates
2019-03-06 17:18:28	Gathering procedures
2019-03-06 17:18:28	Gathering encrypted procedures
2019-03-06 17:18:28	Gathering tables
2019-03-06 17:18:28	Gathering primary keys
2019-03-06 17:18:28	Gathering unique constraints
2019-03-06 17:18:28	Gathering foreign keys
2019-03-06 17:18:28	Gathering default constraints
2019-03-06 17:18:28	Gathering check constraints
2019-03-06 17:18:28	Gathering views
2019-03-06 17:18:28	Gathering encrypted views
2019-03-06 17:18:28	Gathering indexes
2019-03-06 17:18:28	Gathering statistics
2019-03-06 17:18:28	Gathering full-text index stoplists
2019-03-06 17:18:28	Gathering search property lists
2019-03-06 17:18:28	Gathering search properties
2019-03-06 17:18:28	Gathering full-text indexes
2019-03-06 17:18:28	Gathering column store indexes
2019-03-06 17:18:28	Gathering spatial indexes
2019-03-06 17:18:28	Gathering XML indexes
2019-03-06 17:18:28	Gathering Selective XML indexes
2019-03-06 17:18:28	Gathering encrypted triggers
2019-03-06 17:18:28	Gathering triggers
2019-03-06 17:18:28	Gathering encrypted and clr ddl triggers
2019-03-06 17:18:28	Gathering ddl triggers
2019-03-06 17:18:28	Gathering synonyms
2019-03-06 17:18:28	Gathering defaults
2019-03-06 17:18:28	Gathering data constraint uddt bindings
2019-03-06 17:18:28	Gathering rules
2019-03-06 17:18:28	Gathering data constraint uddt bindings
2019-03-06 17:18:28	Gathering message types
2019-03-06 17:18:28	Gathering queues
2019-03-06 17:18:28	Gathering contracts
2019-03-06 17:18:28	Gathering services
2019-03-06 17:18:28	Gathering event notifications
2019-03-06 17:18:28	Gathering remote service bindings
2019-03-06 17:18:28	Gathering broker priorities
2019-03-06 17:18:28	Gathering signatures
2019-03-06 17:18:28	Gathering data compression options
2019-03-06 17:18:28	Gathering sequence types
2019-03-06 17:18:28	Gathering extended properties
2019-03-06 17:18:28	Gathering credentials
2019-03-06 17:18:28	Gathering logins
2019-03-06 17:18:28	Gathering server audits
2019-03-06 17:18:29	Finished importing database.
2019-03-06 17:18:29	A summary of the import was saved to the following location: E:\ET\RDBMS\ET\ET\Import Schema Logs\ET_20190306041824.log
2019-03-06 17:18:29	Click Finish to continue...
